<?xml version="1.0" encoding="UTF-8"?>
<!-- Generated by org.testng.reporters.JUnitReportReporter -->
<testsuite name="care.maevenproject.testngexample" tests="4" time="36.623" ignored="0" failures="0" timestamp="13 Dec 2021 10:56:48 GMT" skipped="0" hostname="DESKTOP-D158IAT" errors="0">
  <testcase name="ticketbooking" time="10.407" classname="care.maevenproject.testngexample"/>
  <testcase name="statuscheck" time="7.116" classname="care.maevenproject.testngexample"/>
  <testcase name="testcase1" time="10.286" classname="care.maevenproject.testngexample"/>
  <testcase name="testcase2" time="8.814" classname="care.maevenproject.testngexample"/>
</testsuite> <!-- care.maevenproject.testngexample -->
