<?xml version="1.0" encoding="UTF-8"?>
<!-- Generated by org.testng.reporters.JUnitReportReporter -->
<testsuite name="care.maevenproject.providertestng" tests="3" time="16.624" ignored="0" failures="0" timestamp="13 Dec 2021 11:06:53 GMT" skipped="0" hostname="DESKTOP-D158IAT" errors="0">
  <testcase name="ticketbooking" time="5.448" classname="care.maevenproject.providertestng"/>
  <testcase name="ticketbooking" time="5.857" classname="care.maevenproject.providertestng"/>
  <testcase name="ticketbooking" time="5.319" classname="care.maevenproject.providertestng"/>
</testsuite> <!-- care.maevenproject.providertestng -->
