<?xml version="1.0" encoding="UTF-8"?>
<!-- Generated by org.testng.reporters.JUnitReportReporter -->
<testsuite name="care.maevenproject.upskilltestng" tests="2" time="34.455" ignored="0" failures="0" timestamp="13 Dec 2021 11:49:59 GMT" skipped="0" hostname="DESKTOP-D158IAT" errors="0">
  <testcase name="ticketbooking" time="16.679" classname="care.maevenproject.upskilltestng"/>
  <testcase name="ticketbooking" time="17.776" classname="care.maevenproject.upskilltestng"/>
</testsuite> <!-- care.maevenproject.upskilltestng -->
